Build started 13/5/2019 9:18:26 PM.
     1>Project "C:\Users\user\Desktop\TIS assignment\PT2 group assignment\main program\main program\main program.vcxproj" on node 2 (build target(s)).
     1>InitializeBuildStatus:
         Creating "Debug\main program.unsuccessfulbuild" because "AlwaysCreate" was specified.
       ClCompile:
         c:\Program Files (x86)\Microsoft Visual Studio 10.0\VC\bin\CL.exe /c /ZI /nologo /W3 /WX- /Od /Oy- /D WIN32 /D _DEBUG /D _CONSOLE /D _UNICODE /D UNICODE /Gm /EHsc /RTC1 /MDd /GS /fp:precise /Zc:wchar_t /Zc:forScope /Fo"Debug\\" /Fd"Debug\vc100.pdb" /Gd /TP /analyze- /errorReport:prompt "main generate.cpp"
         main generate.cpp
     1>c:\users\user\desktop\tis assignment\pt2 group assignment\main program\main program\main generate.cpp(194): warning C4551: function call missing argument list
     1>c:\users\user\desktop\tis assignment\pt2 group assignment\main program\main program\main generate.cpp(216): warning C4551: function call missing argument list
     1>c:\users\user\desktop\tis assignment\pt2 group assignment\main program\main program\main generate.cpp(220): warning C4551: function call missing argument list
     1>c:\users\user\desktop\tis assignment\pt2 group assignment\main program\main program\main generate.cpp(261): warning C4244: '=' : conversion from 'double' to 'float', possible loss of data
     1>c:\users\user\desktop\tis assignment\pt2 group assignment\main program\main program\main generate.cpp(303): warning C4551: function call missing argument list
     1>c:\users\user\desktop\tis assignment\pt2 group assignment\main program\main program\main generate.cpp(342): warning C4551: function call missing argument list
     1>c:\users\user\desktop\tis assignment\pt2 group assignment\main program\main program\main generate.cpp(345): warning C4551: function call missing argument list
     1>c:\users\user\desktop\tis assignment\pt2 group assignment\main program\main program\main generate.cpp(381): warning C4551: function call missing argument list
     1>c:\users\user\desktop\tis assignment\pt2 group assignment\main program\main program\main generate.cpp(403): warning C4551: function call missing argument list
     1>c:\users\user\desktop\tis assignment\pt2 group assignment\main program\main program\main generate.cpp(407): warning C4551: function call missing argument list
     1>c:\users\user\desktop\tis assignment\pt2 group assignment\main program\main program\main generate.cpp(447): warning C4244: '=' : conversion from 'double' to 'float', possible loss of data
     1>c:\users\user\desktop\tis assignment\pt2 group assignment\main program\main program\main generate.cpp(489): warning C4551: function call missing argument list
     1>c:\users\user\desktop\tis assignment\pt2 group assignment\main program\main program\main generate.cpp(528): warning C4551: function call missing argument list
     1>c:\users\user\desktop\tis assignment\pt2 group assignment\main program\main program\main generate.cpp(531): warning C4551: function call missing argument list
       ManifestResourceCompile:
         All outputs are up-to-date.
       Link:
         c:\Program Files (x86)\Microsoft Visual Studio 10.0\VC\bin\link.exe /ERRORREPORT:PROMPT /OUT:"C:\Users\user\Desktop\TIS assignment\PT2 group assignment\main program\Debug\main program.exe" /INCREMENTAL /NOLOGO kernel32.lib user32.lib gdi32.lib winspool.lib comdlg32.lib advapi32.lib shell32.lib ole32.lib oleaut32.lib uuid.lib odbc32.lib odbccp32.lib /MANIFEST /ManifestFile:"Debug\main program.exe.intermediate.manifest" /MANIFESTUAC:"level='asInvoker' uiAccess='false'" /DEBUG /PDB:"C:\Users\user\Desktop\TIS assignment\PT2 group assignment\main program\Debug\main program.pdb" /SUBSYSTEM:CONSOLE /TLBID:1 /DYNAMICBASE /NXCOMPAT /IMPLIB:"C:\Users\user\Desktop\TIS assignment\PT2 group assignment\main program\Debug\main program.lib" /MACHINE:X86 "Debug\main program.exe.embed.manifest.res"
         Debug\calculatecgpa.obj
         "Debug\main generate.obj"
         Debug\marks.obj
         Debug\student.obj
       Manifest:
         c:\Program Files (x86)\Microsoft SDKs\Windows\v7.0A\bin\mt.exe /nologo /verbose /out:"Debug\main program.exe.embed.manifest" /manifest "Debug\main program.exe.intermediate.manifest"
         All outputs are up-to-date.
       LinkEmbedManifest:
         All outputs are up-to-date.
         main program.vcxproj -> C:\Users\user\Desktop\TIS assignment\PT2 group assignment\main program\Debug\main program.exe
       FinalizeBuildStatus:
         Deleting file "Debug\main program.unsuccessfulbuild".
         Touching "Debug\main program.lastbuildstate".
     1>Done Building Project "C:\Users\user\Desktop\TIS assignment\PT2 group assignment\main program\main program\main program.vcxproj" (build target(s)).

Build succeeded.

Time Elapsed 00:00:01.62
